<?xml version="1.0" encoding="UTF-8"?>
<!-- Generated by org.testng.reporters.JUnitReportReporter -->
<testsuite hostname="LTIN447743" failures="0" tests="1" name="Tests.TC004_HomePageVerification" time="3.895" errors="0" timestamp="2024-11-05T10:42:20 IST" skipped="0">
  <testcase classname="Tests.TC004_HomePageVerification" name="Home_Page_Verification" time="3.895"/>
  <system-out/>
</testsuite> <!-- Tests.TC004_HomePageVerification -->
