<?xml version="1.0" encoding="UTF-8"?>
<!-- Generated by org.testng.reporters.JUnitReportReporter -->
<testsuite hostname="LTIN338400" failures="0" tests="1" name="Tests.CabBookingTest" time="12.359" errors="0" timestamp="2024-10-24T22:04:46 IST" skipped="0">
  <testcase classname="Tests.CabBookingTest" name="TC001_Book_Cab" time="12.359"/>
  <system-out/>
</testsuite> <!-- Tests.CabBookingTest -->
