<?xml version="1.0" encoding="UTF-8"?>
<!-- Generated by org.testng.reporters.JUnitReportReporter -->
<testsuite hostname="LTIN447743" failures="0" tests="1" name="Tests.TC003_HotelSelectionTest" time="7.172" errors="0" timestamp="2024-11-05T10:42:20 IST" skipped="0">
  <testcase classname="Tests.TC003_HotelSelectionTest" name="Hotel_Selection_Test" time="7.172"/>
  <system-out/>
</testsuite> <!-- Tests.TC003_HotelSelectionTest -->
