<?xml version="1.0" encoding="UTF-8"?>
<!-- Generated by org.testng.reporters.JUnitReportReporter -->
<testsuite hostname="LTIN447743" failures="0" tests="1" name="Tests.TC002_GiftCardTest" time="44.283" errors="0" timestamp="2024-11-05T10:42:20 IST" skipped="0">
  <testcase classname="Tests.TC002_GiftCardTest" name="Gift_Card_Test" time="44.283"/>
  <system-out/>
</testsuite> <!-- Tests.TC002_GiftCardTest -->
