<?xml version="1.0" encoding="UTF-8"?>
<!-- Generated by org.testng.reporters.JUnitReportReporter -->
<testsuite hostname="LTIN338400" failures="0" tests="1" name="Tests.HotelSelectionTest" time="3.959" errors="0" timestamp="2024-10-24T22:10:32 IST" skipped="0">
  <testcase classname="Tests.HotelSelectionTest" name="TC001_Hotel_Selection_Test" time="3.959"/>
  <system-out/>
</testsuite> <!-- Tests.HotelSelectionTest -->
